2025-03-26 19:59:55,855 - __main__ - INFO - settings: {"image": "/home/vgvm/src/lbl/futuristica/images/lenna.png", "size": 512, "weights": "weights.npz", "generated": "images/output.png", "training": 1}
2025-03-26 19:59:55,861 - __main__ - INFO - Using device: cuda
2025-03-26 19:59:56,968 - __main__ - INFO - Training for 5k x 1 (minutes) -> 5000
2025-03-26 19:59:57,143 - __main__ - INFO - Epoch 0: Checkpoint since is 0.201370 vs inf, nan%
2025-03-26 19:59:57,147 - __main__ - INFO - Epoch 0: Loss = 0.201370 vs (0.201370)
2025-03-26 19:59:57,159 - __main__ - INFO - Epoch 1: Checkpoint since is 0.171617 vs 0.201370, -14.7753%
2025-03-26 19:59:57,175 - __main__ - INFO - Epoch 2: Checkpoint since is 0.148169 vs 0.171617, -13.6626%
2025-03-26 19:59:57,189 - __main__ - INFO - Epoch 3: Checkpoint since is 0.130055 vs 0.148169, -12.2255%
2025-03-26 19:59:58,442 - __main__ - WARNING - Epoch 101: Rollback from 0.026696 to 0.026638, 0.2188%
2025-03-26 19:59:58,467 - __main__ - INFO - Epoch 103: Checkpoint since is 0.026584 vs 0.026638, -0.2001%
2025-03-26 19:59:58,500 - __main__ - INFO - Generated image as images/output-2025-03-26+19-59-58.png
2025-03-26 19:59:58,502 - __main__ - INFO - Saved weights to weights.npz
2025-03-26 19:59:58,513 - __main__ - INFO - Epoch 104: Checkpoint since is 0.026490 vs 0.026584, -0.3534%
2025-03-26 19:59:58,527 - __main__ - INFO - Epoch 105: Checkpoint since is 0.026447 vs 0.026490, -0.1635%
2025-03-26 19:59:59,719 - __main__ - WARNING - Epoch 203: Rollback from 0.018032 to 0.017894, 0.7677%
2025-03-26 19:59:59,788 - __main__ - INFO - Epoch 209: Checkpoint since is 0.017707 vs 0.017894, -1.0481%
2025-03-26 19:59:59,831 - __main__ - INFO - Generated image as images/output-2025-03-26+19-59-59.png
2025-03-26 19:59:59,833 - __main__ - INFO - Saved weights to weights.npz
2025-03-26 19:59:59,857 - __main__ - INFO - Epoch 211: Checkpoint since is 0.017656 vs 0.017707, -0.2870%
2025-03-26 19:59:59,883 - __main__ - INFO - Epoch 213: Checkpoint since is 0.017619 vs 0.017656, -0.2083%
2025-03-26 20:00:00,961 - __main__ - WARNING - Epoch 304: Rollback from 0.014506 to 0.014315, 1.3341%
2025-03-26 20:00:01,128 - __main__ - INFO - Epoch 319: Checkpoint since is 0.014084 vs 0.014315, -1.6150%
2025-03-26 20:00:01,177 - __main__ - INFO - Generated image as images/output-2025-03-26+20-00-01.png
2025-03-26 20:00:01,180 - __main__ - INFO - Saved weights to weights.npz
2025-03-26 20:00:01,213 - __main__ - INFO - Epoch 322: Checkpoint since is 0.013718 vs 0.014084, -2.5967%
2025-03-26 20:00:01,259 - __main__ - INFO - Epoch 326: Checkpoint since is 0.013531 vs 0.013718, -1.3634%
2025-03-26 20:00:02,190 - __main__ - WARNING - Epoch 405: Rollback from 0.012738 to 0.012001, 6.1411%
2025-03-26 20:00:02,411 - __main__ - INFO - Epoch 425: Checkpoint since is 0.011930 vs 0.012001, -0.5932%
2025-03-26 20:00:02,465 - __main__ - INFO - Generated image as images/output-2025-03-26+20-00-02.png
2025-03-26 20:00:02,468 - __main__ - INFO - Saved weights to weights.npz
2025-03-26 20:00:02,490 - __main__ - INFO - Epoch 427: Checkpoint since is 0.011834 vs 0.011930, -0.7999%
2025-03-26 20:00:02,515 - __main__ - INFO - Epoch 429: Checkpoint since is 0.011806 vs 0.011834, -0.2362%
2025-03-26 20:00:03,399 - __main__ - WARNING - Epoch 506: Rollback from 0.011136 to 0.010844, 2.6917%
2025-03-26 20:00:03,855 - __main__ - INFO - Epoch 547: Checkpoint since is 0.010805 vs 0.010844, -0.3632%
2025-03-26 20:00:03,913 - __main__ - INFO - Generated image as images/output-2025-03-26+20-00-03.png
2025-03-26 20:00:03,916 - __main__ - INFO - Saved weights to weights.npz
2025-03-26 20:00:03,949 - __main__ - INFO - Epoch 550: Checkpoint since is 0.010784 vs 0.010805, -0.1931%
2025-03-26 20:00:03,962 - __main__ - INFO - Epoch 551: Checkpoint since is 0.010743 vs 0.010784, -0.3856%
2025-03-26 20:00:04,602 - __main__ - WARNING - Epoch 607: Rollback from 0.010584 to 0.010242, 3.3422%
2025-03-26 20:00:05,021 - __main__ - INFO - Epoch 645: Checkpoint since is 0.010212 vs 0.010242, -0.2954%
2025-03-26 20:00:05,056 - __main__ - INFO - Epoch 648: Checkpoint since is 0.010120 vs 0.010212, -0.9006%
2025-03-26 20:00:05,112 - __main__ - INFO - Generated image as images/output-2025-03-26+20-00-05.png
2025-03-26 20:00:05,114 - __main__ - INFO - Saved weights to weights.npz
2025-03-26 20:00:05,147 - __main__ - INFO - Epoch 651: Checkpoint since is 0.010090 vs 0.010120, -0.2982%
2025-03-26 20:00:05,786 - __main__ - WARNING - Epoch 708: Rollback from 0.010185 to 0.009726, 4.7150%
2025-03-26 20:00:06,051 - __main__ - INFO - Epoch 732: Checkpoint since is 0.009693 vs 0.009726, -0.3391%
2025-03-26 20:00:06,173 - __main__ - INFO - Epoch 743: Checkpoint since is 0.009671 vs 0.009693, -0.2286%
2025-03-26 20:00:06,208 - __main__ - INFO - Epoch 746: Checkpoint since is 0.009558 vs 0.009671, -1.1690%
2025-03-26 20:00:06,398 - __main__ - INFO - Generated image as images/output-2025-03-26+20-00-06.png
2025-03-26 20:00:06,400 - __main__ - INFO - Saved weights to weights.npz
2025-03-26 20:00:06,967 - __main__ - WARNING - Epoch 809: Rollback from 0.009377 to 0.009373, 0.0453%
2025-03-26 20:00:07,122 - __main__ - INFO - Epoch 823: Checkpoint since is 0.009342 vs 0.009373, -0.3363%
2025-03-26 20:00:07,135 - __main__ - INFO - Epoch 824: Checkpoint since is 0.009235 vs 0.009342, -1.1438%
2025-03-26 20:00:07,311 - __main__ - INFO - Epoch 840: Checkpoint since is 0.009225 vs 0.009235, -0.1104%
2025-03-26 20:00:07,857 - __main__ - INFO - Generated image as images/output-2025-03-26+20-00-07.png
2025-03-26 20:00:07,859 - __main__ - INFO - Saved weights to weights.npz
2025-03-26 20:00:08,150 - __main__ - WARNING - Epoch 910: Rollback from 0.010344 to 0.008985, 15.1300%
2025-03-26 20:00:08,525 - __main__ - INFO - Epoch 944: Checkpoint since is 0.008971 vs 0.008985, -0.1523%
2025-03-26 20:00:08,572 - __main__ - INFO - Epoch 948: Checkpoint since is 0.008932 vs 0.008971, -0.4319%
2025-03-26 20:00:08,938 - __main__ - INFO - Epoch 981: Checkpoint since is 0.008870 vs 0.008932, -0.6929%
2025-03-26 20:00:09,074 - __main__ - INFO - Generated image as images/output-2025-03-26+20-00-09.png
2025-03-26 20:00:09,076 - __main__ - INFO - Saved weights to weights.npz
2025-03-26 20:00:09,209 - __main__ - INFO - Epoch 1000: Loss = 0.008874 vs (0.008831)
2025-03-26 20:00:09,330 - __main__ - WARNING - Epoch 1011: Rollback from 0.009441 to 0.008831, 6.9090%
2025-03-26 20:00:09,743 - __main__ - INFO - Epoch 1048: Checkpoint since is 0.008805 vs 0.008831, -0.2836%
2025-03-26 20:00:09,823 - __main__ - INFO - Epoch 1055: Checkpoint since is 0.008798 vs 0.008805, -0.0839%
2025-03-26 20:00:09,836 - __main__ - INFO - Epoch 1056: Checkpoint since is 0.008795 vs 0.008798, -0.0405%
2025-03-26 20:00:10,441 - __main__ - INFO - Generated image as images/output-2025-03-26+20-00-10.png
2025-03-26 20:00:10,443 - __main__ - INFO - Saved weights to weights.npz
2025-03-26 20:00:10,524 - __main__ - WARNING - Epoch 1112: Rollback from 0.010286 to 0.008680, 18.4995%
2025-03-26 20:00:11,446 - __main__ - INFO - Epoch 1196: Checkpoint since is 0.008647 vs 0.008680, -0.3804%
2025-03-26 20:00:11,459 - __main__ - INFO - Epoch 1197: Checkpoint since is 0.008641 vs 0.008647, -0.0757%
2025-03-26 20:00:11,559 - __main__ - INFO - Epoch 1206: Checkpoint since is 0.008603 vs 0.008641, -0.4328%
2025-03-26 20:00:11,614 - __main__ - INFO - Generated image as images/output-2025-03-26+20-00-11.png
2025-03-26 20:00:11,616 - __main__ - INFO - Saved weights to weights.npz
2025-03-26 20:00:11,694 - __main__ - WARNING - Epoch 1213: Rollback from 0.008974 to 0.008603, 4.3144%
2025-03-26 20:00:12,289 - __main__ - INFO - Epoch 1267: Checkpoint since is 0.008590 vs 0.008603, -0.1585%
2025-03-26 20:00:12,357 - __main__ - INFO - Epoch 1273: Checkpoint since is 0.008571 vs 0.008590, -0.2138%
2025-03-26 20:00:12,436 - __main__ - INFO - Epoch 1280: Checkpoint since is 0.008553 vs 0.008571, -0.2142%
2025-03-26 20:00:12,822 - __main__ - WARNING - Epoch 1314: Rollback from 0.008559 to 0.008509, 0.5766%
2025-03-26 20:00:13,441 - __main__ - INFO - Epoch 1370: Checkpoint since is 0.008490 vs 0.008509, -0.2311%
2025-03-26 20:00:13,496 - __main__ - INFO - Generated image as images/output-2025-03-26+20-00-13.png
2025-03-26 20:00:13,498 - __main__ - INFO - Saved weights to weights.npz
2025-03-26 20:00:13,509 - __main__ - INFO - Epoch 1371: Checkpoint since is 0.008474 vs 0.008490, -0.1818%
2025-03-26 20:00:13,578 - __main__ - INFO - Epoch 1377: Checkpoint since is 0.008468 vs 0.008474, -0.0785%
2025-03-26 20:00:14,012 - __main__ - WARNING - Epoch 1415: Rollback from 0.008512 to 0.008424, 1.0444%
2025-03-26 20:00:14,156 - __main__ - INFO - Epoch 1428: Checkpoint since is 0.008396 vs 0.008424, -0.3348%
2025-03-26 20:00:14,576 - __main__ - INFO - Epoch 1464: Checkpoint since is 0.008363 vs 0.008396, -0.3846%
2025-03-26 20:00:14,868 - __main__ - INFO - Epoch 1489: Checkpoint since is 0.008363 vs 0.008363, -0.0035%
2025-03-26 20:00:14,924 - __main__ - INFO - Generated image as images/output-2025-03-26+20-00-14.png
2025-03-26 20:00:14,926 - __main__ - INFO - Saved weights to weights.npz
2025-03-26 20:00:15,237 - __main__ - WARNING - Epoch 1516: Rollback from 0.008358 to 0.008323, 0.4227%
2025-03-26 20:00:15,820 - __main__ - INFO - Epoch 1568: Checkpoint since is 0.008315 vs 0.008323, -0.1000%
2025-03-26 20:00:15,855 - __main__ - INFO - Epoch 1571: Checkpoint since is 0.008298 vs 0.008315, -0.1977%
2025-03-26 20:00:16,174 - __main__ - INFO - Epoch 1600: Checkpoint since is 0.008256 vs 0.008298, -0.5071%
2025-03-26 20:00:16,230 - __main__ - INFO - Generated image as images/output-2025-03-26+20-00-16.png
2025-03-26 20:00:16,232 - __main__ - INFO - Saved weights to weights.npz
2025-03-26 20:00:16,424 - __main__ - WARNING - Epoch 1617: Rollback from 0.008337 to 0.008218, 1.4558%
2025-03-26 20:00:17,020 - __main__ - INFO - Epoch 1671: Checkpoint since is 0.008185 vs 0.008218, -0.4040%
2025-03-26 20:00:17,033 - __main__ - INFO - Epoch 1672: Checkpoint since is 0.008156 vs 0.008185, -0.3543%
2025-03-26 20:00:17,542 - __main__ - WARNING - Epoch 1718: Rollback from 0.008298 to 0.008156, 1.7434%
2025-03-26 20:00:17,952 - __main__ - INFO - Epoch 1755: Checkpoint since is 0.008139 vs 0.008156, -0.2000%
2025-03-26 20:00:18,007 - __main__ - INFO - Generated image as images/output-2025-03-26+20-00-17.png
2025-03-26 20:00:18,009 - __main__ - INFO - Saved weights to weights.npz
2025-03-26 20:00:18,021 - __main__ - INFO - Epoch 1756: Checkpoint since is 0.008135 vs 0.008139, -0.0475%
2025-03-26 20:00:18,244 - __main__ - INFO - Epoch 1776: Checkpoint since is 0.008129 vs 0.008135, -0.0842%
2025-03-26 20:00:18,722 - __main__ - WARNING - Epoch 1819: Rollback from 0.008256 to 0.008089, 2.0702%
2025-03-26 20:00:19,331 - __main__ - INFO - Epoch 1874: Checkpoint since is 0.008066 vs 0.008089, -0.2848%
2025-03-26 20:00:19,388 - __main__ - INFO - Generated image as images/output-2025-03-26+20-00-19.png
2025-03-26 20:00:19,390 - __main__ - INFO - Saved weights to weights.npz
2025-03-26 20:00:19,709 - __main__ - INFO - Epoch 1902: Checkpoint since is 0.008065 vs 0.008066, -0.0066%
2025-03-26 20:00:19,723 - __main__ - INFO - Epoch 1903: Checkpoint since is 0.008020 vs 0.008065, -0.5665%
2025-03-26 20:00:19,913 - __main__ - WARNING - Epoch 1920: Rollback from 0.008264 to 0.008020, 3.0416%
2025-03-26 20:00:20,658 - __main__ - INFO - Epoch 1987: Checkpoint since is 0.008011 vs 0.008020, -0.1050%
2025-03-26 20:00:20,716 - __main__ - INFO - Generated image as images/output-2025-03-26+20-00-20.png
2025-03-26 20:00:20,718 - __main__ - INFO - Saved weights to weights.npz
2025-03-26 20:00:20,729 - __main__ - INFO - Epoch 1988: Checkpoint since is 0.008004 vs 0.008011, -0.0885%
2025-03-26 20:00:20,765 - __main__ - INFO - Epoch 1991: Checkpoint since is 0.008001 vs 0.008004, -0.0446%
2025-03-26 20:00:20,868 - __main__ - INFO - Epoch 2000: Loss = 0.008068 vs (0.007995)
2025-03-26 20:00:20,933 - __main__ - INFO - Epoch 2006: Checkpoint since is 0.007962 vs 0.007995, -0.4156%
2025-03-26 20:00:21,100 - __main__ - WARNING - Epoch 2021: Rollback from 0.008467 to 0.007962, 6.3382%
2025-03-26 20:00:21,637 - __main__ - INFO - Epoch 2070: Checkpoint since is 0.007947 vs 0.007962, -0.1943%
2025-03-26 20:00:21,651 - __main__ - INFO - Epoch 2071: Checkpoint since is 0.007942 vs 0.007947, -0.0533%
2025-03-26 20:00:21,686 - __main__ - INFO - Epoch 2074: Checkpoint since is 0.007926 vs 0.007942, -0.2122%
2025-03-26 20:00:22,110 - __main__ - INFO - Generated image as images/output-2025-03-26+20-00-22.png
2025-03-26 20:00:22,112 - __main__ - INFO - Saved weights to weights.npz
2025-03-26 20:00:22,281 - __main__ - WARNING - Epoch 2122: Rollback from 0.008237 to 0.007855, 4.8589%
2025-03-26 20:00:22,976 - __main__ - INFO - Epoch 2185: Checkpoint since is 0.007850 vs 0.007855, -0.0681%
2025-03-26 20:00:23,055 - __main__ - INFO - Epoch 2192: Checkpoint since is 0.007839 vs 0.007850, -0.1430%
2025-03-26 20:00:23,068 - __main__ - INFO - Epoch 2193: Checkpoint since is 0.007833 vs 0.007839, -0.0724%
2025-03-26 20:00:23,410 - __main__ - WARNING - Epoch 2223: Rollback from 0.007900 to 0.007780, 1.5415%
2025-03-26 20:00:23,688 - __main__ - INFO - Epoch 2248: Checkpoint since is 0.007769 vs 0.007780, -0.1390%
2025-03-26 20:00:23,746 - __main__ - INFO - Generated image as images/output-2025-03-26+20-00-23.png
2025-03-26 20:00:23,748 - __main__ - INFO - Saved weights to weights.npz
2025-03-26 20:00:24,593 - __main__ - WARNING - Epoch 2324: Rollback from 0.008330 to 0.007769, 7.2134%
2025-03-26 20:00:24,957 - __main__ - INFO - Epoch 2357: Checkpoint since is 0.007750 vs 0.007769, -0.2428%
2025-03-26 20:00:25,014 - __main__ - INFO - Generated image as images/output-2025-03-26+20-00-24.png
2025-03-26 20:00:25,017 - __main__ - INFO - Saved weights to weights.npz
2025-03-26 20:00:25,028 - __main__ - INFO - Epoch 2358: Checkpoint since is 0.007749 vs 0.007750, -0.0172%
2025-03-26 20:00:25,303 - __main__ - INFO - Epoch 2383: Checkpoint since is 0.007715 vs 0.007749, -0.4433%
2025-03-26 20:00:25,768 - __main__ - WARNING - Epoch 2425: Rollback from 0.007903 to 0.007715, 2.4455%
2025-03-26 20:00:27,365 - __main__ - INFO - Epoch 2569: Checkpoint since is 0.007712 vs 0.007715, -0.0369%
2025-03-26 20:00:27,423 - __main__ - INFO - Generated image as images/output-2025-03-26+20-00-27.png
2025-03-26 20:00:27,425 - __main__ - INFO - Saved weights to weights.npz
2025-03-26 20:00:27,437 - __main__ - WARNING - Epoch 2570: Rollback from 0.007813 to 0.007712, 1.3075%
2025-03-26 20:00:27,673 - __main__ - INFO - Epoch 2591: Checkpoint since is 0.007693 vs 0.007712, -0.2416%
2025-03-26 20:00:27,809 - __main__ - INFO - Epoch 2603: Checkpoint since is 0.007674 vs 0.007693, -0.2447%
2025-03-26 20:00:27,878 - __main__ - INFO - Epoch 2609: Checkpoint since is 0.007663 vs 0.007674, -0.1499%
2025-03-26 20:00:28,566 - __main__ - WARNING - Epoch 2671: Rollback from 0.007799 to 0.007623, 2.3091%
2025-03-26 20:00:29,121 - __main__ - INFO - Epoch 2721: Checkpoint since is 0.007618 vs 0.007623, -0.0639%
2025-03-26 20:00:29,178 - __main__ - INFO - Generated image as images/output-2025-03-26+20-00-29.png
2025-03-26 20:00:29,181 - __main__ - INFO - Saved weights to weights.npz
2025-03-26 20:00:29,214 - __main__ - INFO - Epoch 2724: Checkpoint since is 0.007564 vs 0.007618, -0.7138%
2025-03-26 20:00:29,317 - __main__ - INFO - Epoch 2733: Checkpoint since is 0.007547 vs 0.007564, -0.2219%
2025-03-26 20:00:29,756 - __main__ - WARNING - Epoch 2772: Rollback from 0.007600 to 0.007524, 1.0205%
2025-03-26 20:00:30,953 - __main__ - INFO - Epoch 2880: Checkpoint since is 0.007492 vs 0.007524, -0.4205%
2025-03-26 20:00:31,011 - __main__ - INFO - Generated image as images/output-2025-03-26+20-00-30.png
2025-03-26 20:00:31,013 - __main__ - INFO - Saved weights to weights.npz
2025-03-26 20:00:31,025 - __main__ - WARNING - Epoch 2881: Rollback from 0.007614 to 0.007492, 1.6245%
2025-03-26 20:00:31,597 - __main__ - INFO - Epoch 2933: Checkpoint since is 0.007472 vs 0.007492, -0.2636%
2025-03-26 20:00:31,699 - __main__ - INFO - Epoch 2942: Checkpoint since is 0.007466 vs 0.007472, -0.0895%
2025-03-26 20:00:31,746 - __main__ - INFO - Epoch 2946: Checkpoint since is 0.007461 vs 0.007466, -0.0555%
2025-03-26 20:00:32,156 - __main__ - WARNING - Epoch 2982: Rollback from 0.007492 to 0.007405, 1.1793%
2025-03-26 20:00:32,359 - __main__ - INFO - Epoch 3000: Loss = 0.008377 vs (0.007405)
2025-03-26 20:00:32,976 - __main__ - INFO - Epoch 3056: Checkpoint since is 0.007404 vs 0.007405, -0.0067%
2025-03-26 20:00:33,034 - __main__ - INFO - Generated image as images/output-2025-03-26+20-00-32.png
2025-03-26 20:00:33,036 - __main__ - INFO - Saved weights to weights.npz
2025-03-26 20:00:33,332 - __main__ - WARNING - Epoch 3083: Rollback from 0.007627 to 0.007404, 3.0058%
2025-03-26 20:00:34,128 - __main__ - INFO - Epoch 3155: Checkpoint since is 0.007364 vs 0.007404, -0.5477%
2025-03-26 20:00:34,197 - __main__ - INFO - Epoch 3161: Checkpoint since is 0.007311 vs 0.007364, -0.7146%
2025-03-26 20:00:34,255 - __main__ - INFO - Generated image as images/output-2025-03-26+20-00-34.png
2025-03-26 20:00:34,257 - __main__ - INFO - Saved weights to weights.npz
2025-03-26 20:00:34,514 - __main__ - WARNING - Epoch 3184: Rollback from 0.007739 to 0.007311, 5.8560%
2025-03-26 20:00:35,877 - __main__ - INFO - Epoch 3308: Checkpoint since is 0.007304 vs 0.007311, -0.1023%
2025-03-26 20:00:35,935 - __main__ - INFO - Generated image as images/output-2025-03-26+20-00-35.png
2025-03-26 20:00:35,937 - __main__ - INFO - Saved weights to weights.npz
2025-03-26 20:00:35,948 - __main__ - INFO - Epoch 3309: Checkpoint since is 0.007290 vs 0.007304, -0.1928%
2025-03-26 20:00:35,961 - __main__ - WARNING - Epoch 3310: Rollback from 0.007329 to 0.007290, 0.5362%
2025-03-26 20:00:36,355 - __main__ - INFO - Epoch 3346: Checkpoint since is 0.007255 vs 0.007290, -0.4698%
2025-03-26 20:00:36,775 - __main__ - INFO - Epoch 3384: Checkpoint since is 0.007255 vs 0.007255, -0.0030%
2025-03-26 20:00:37,076 - __main__ - WARNING - Epoch 3411: Rollback from 0.007550 to 0.007255, 4.0643%
2025-03-26 20:00:37,464 - __main__ - INFO - Epoch 3446: Checkpoint since is 0.007229 vs 0.007255, -0.3594%
2025-03-26 20:00:37,522 - __main__ - INFO - Generated image as images/output-2025-03-26+20-00-37.png
2025-03-26 20:00:37,524 - __main__ - INFO - Saved weights to weights.npz
2025-03-26 20:00:37,580 - __main__ - INFO - Epoch 3451: Checkpoint since is 0.007189 vs 0.007229, -0.5590%
2025-03-26 20:00:37,604 - __main__ - INFO - Epoch 3453: Checkpoint since is 0.007161 vs 0.007189, -0.3868%
2025-03-26 20:00:38,263 - __main__ - WARNING - Epoch 3512: Rollback from 0.007406 to 0.007136, 3.7886%
2025-03-26 20:00:38,667 - __main__ - INFO - Epoch 3548: Checkpoint since is 0.007116 vs 0.007136, -0.2772%
2025-03-26 20:00:38,730 - __main__ - INFO - Generated image as images/output-2025-03-26+20-00-38.png
2025-03-26 20:00:38,733 - __main__ - INFO - Saved weights to weights.npz
2025-03-26 20:00:39,321 - __main__ - INFO - Epoch 3601: Checkpoint since is 0.007084 vs 0.007116, -0.4534%
2025-03-26 20:00:39,460 - __main__ - WARNING - Epoch 3613: Rollback from 0.007384 to 0.007084, 4.2394%
2025-03-26 20:00:41,444 - __main__ - INFO - Epoch 3794: Checkpoint since is 0.007040 vs 0.007084, -0.6245%
2025-03-26 20:00:41,500 - __main__ - INFO - Generated image as images/output-2025-03-26+20-00-41.png
2025-03-26 20:00:41,503 - __main__ - INFO - Saved weights to weights.npz
2025-03-26 20:00:41,514 - __main__ - WARNING - Epoch 3795: Rollback from 0.007191 to 0.007040, 2.1441%
2025-03-26 20:00:42,077 - __main__ - INFO - Epoch 3846: Checkpoint since is 0.006979 vs 0.007040, -0.8654%
2025-03-26 20:00:42,632 - __main__ - WARNING - Epoch 3896: Rollback from 0.007052 to 0.006979, 1.0534%
2025-03-26 20:00:43,076 - __main__ - INFO - Epoch 3936: Checkpoint since is 0.006921 vs 0.006979, -0.8264%
2025-03-26 20:00:43,137 - __main__ - INFO - Generated image as images/output-2025-03-26+20-00-43.png
2025-03-26 20:00:43,140 - __main__ - INFO - Saved weights to weights.npz
2025-03-26 20:00:43,306 - __main__ - INFO - Epoch 3951: Checkpoint since is 0.006906 vs 0.006921, -0.2249%
2025-03-26 20:00:43,341 - __main__ - INFO - Epoch 3954: Checkpoint since is 0.006819 vs 0.006906, -1.2568%
2025-03-26 20:00:43,818 - __main__ - WARNING - Epoch 3997: Rollback from 0.007249 to 0.006819, 6.3070%
2025-03-26 20:00:43,853 - __main__ - INFO - Epoch 4000: Loss = 0.007992 vs (0.006819)
2025-03-26 20:00:45,098 - __main__ - INFO - Epoch 4113: Checkpoint since is 0.006803 vs 0.006819, -0.2298%
2025-03-26 20:00:45,156 - __main__ - INFO - Generated image as images/output-2025-03-26+20-00-45.png
2025-03-26 20:00:45,158 - __main__ - INFO - Saved weights to weights.npz
2025-03-26 20:00:45,169 - __main__ - WARNING - Epoch 4114: Rollback from 0.007153 to 0.006803, 5.1446%
2025-03-26 20:00:45,826 - __main__ - INFO - Epoch 4174: Checkpoint since is 0.006788 vs 0.006803, -0.2264%
2025-03-26 20:00:46,275 - __main__ - WARNING - Epoch 4215: Rollback from 0.006992 to 0.006788, 3.0033%
2025-03-26 20:00:46,571 - __main__ - INFO - Epoch 4242: Checkpoint since is 0.006750 vs 0.006788, -0.5621%
2025-03-26 20:00:46,628 - __main__ - INFO - Generated image as images/output-2025-03-26+20-00-46.png
2025-03-26 20:00:46,630 - __main__ - INFO - Saved weights to weights.npz
2025-03-26 20:00:46,653 - __main__ - INFO - Epoch 4244: Checkpoint since is 0.006731 vs 0.006750, -0.2726%
2025-03-26 20:00:46,699 - __main__ - INFO - Epoch 4248: Checkpoint since is 0.006727 vs 0.006731, -0.0624%
2025-03-26 20:00:47,455 - __main__ - WARNING - Epoch 4316: Rollback from 0.007225 to 0.006680, 8.1589%
2025-03-26 20:00:47,997 - __main__ - INFO - Epoch 4365: Checkpoint since is 0.006674 vs 0.006680, -0.0844%
2025-03-26 20:00:48,057 - __main__ - INFO - Generated image as images/output-2025-03-26+20-00-48.png
2025-03-26 20:00:48,059 - __main__ - INFO - Saved weights to weights.npz
2025-03-26 20:00:48,071 - __main__ - INFO - Epoch 4366: Checkpoint since is 0.006671 vs 0.006674, -0.0437%
2025-03-26 20:00:48,085 - __main__ - INFO - Epoch 4367: Checkpoint since is 0.006664 vs 0.006671, -0.1127%
2025-03-26 20:00:48,644 - __main__ - WARNING - Epoch 4417: Rollback from 0.007272 to 0.006638, 9.5548%
2025-03-26 20:00:50,501 - __main__ - INFO - Epoch 4585: Checkpoint since is 0.006617 vs 0.006638, -0.3101%
2025-03-26 20:00:50,559 - __main__ - INFO - Generated image as images/output-2025-03-26+20-00-50.png
2025-03-26 20:00:50,561 - __main__ - INFO - Saved weights to weights.npz
2025-03-26 20:00:50,572 - __main__ - WARNING - Epoch 4586: Rollback from 0.007013 to 0.006617, 5.9876%
2025-03-26 20:00:51,491 - __main__ - INFO - Epoch 4670: Checkpoint since is 0.006562 vs 0.006617, -0.8321%
2025-03-26 20:00:51,526 - __main__ - INFO - Epoch 4673: Checkpoint since is 0.006547 vs 0.006562, -0.2309%
2025-03-26 20:00:51,680 - __main__ - WARNING - Epoch 4687: Rollback from 0.006771 to 0.006547, 3.4204%
2025-03-26 20:00:52,552 - __main__ - INFO - Epoch 4766: Checkpoint since is 0.006528 vs 0.006547, -0.2959%
2025-03-26 20:00:52,610 - __main__ - INFO - Generated image as images/output-2025-03-26+20-00-52.png
2025-03-26 20:00:52,612 - __main__ - INFO - Saved weights to weights.npz
2025-03-26 20:00:52,623 - __main__ - INFO - Epoch 4767: Checkpoint since is 0.006519 vs 0.006528, -0.1280%
2025-03-26 20:00:52,734 - __main__ - INFO - Epoch 4777: Checkpoint since is 0.006510 vs 0.006519, -0.1465%
2025-03-26 20:00:52,874 - __main__ - WARNING - Epoch 4789: Rollback from 0.006609 to 0.006478, 2.0176%
2025-03-26 20:00:53,307 - __main__ - INFO - Epoch 4828: Checkpoint since is 0.006466 vs 0.006478, -0.1846%
2025-03-26 20:00:53,320 - __main__ - INFO - Epoch 4829: Checkpoint since is 0.006466 vs 0.006466, -0.0101%
2025-03-26 20:00:53,443 - __main__ - INFO - Epoch 4840: Checkpoint since is 0.006454 vs 0.006466, -0.1764%
2025-03-26 20:00:53,997 - __main__ - WARNING - Epoch 4890: Rollback from 0.006588 to 0.006454, 2.0726%
2025-03-26 20:00:55,201 - __main__ - INFO - Training complete!
2025-03-26 20:00:55,204 - __main__ - INFO - Saved weights to weights.npz
2025-03-26 20:00:55,260 - __main__ - INFO - Generated image as images/output.png
